<?xml version="1.0" encoding="UTF-8"?>
<Site BuildName="Darwin-clang++"
	BuildStamp="20210219-1415-Experimental"
	Name="Mackey.local"
	Generator="ctest-3.19.4"
	CompilerName="/usr/bin/clang++"
	CompilerVersion="12.0.0.12000032"
	OSName="macOS"
	Hostname="Mackey.local"
	OSRelease="11.2.1"
	OSVersion="20D74"
	OSPlatform="x86_64"
	Is64Bits="1"
	VendorString="GenuineIntel"
	VendorID="Intel Corporation"
	FamilyID="6"
	ModelID="158"
	ProcessorCacheSize="32768"
	NumberOfLogicalCPU="8"
	NumberOfPhysicalCPU="4"
	TotalVirtualMemory="3072"
	TotalPhysicalMemory="16384"
	LogicalProcessorsPerPhysical="8"
	ProcessorClockFrequency="2900"
	>
	<Testing>
		<StartDateTime>Feb 19 14:15 GMT</StartDateTime>
		<StartTestTime>1613744154</StartTestTime>
		<TestList/>
		<EndDateTime>Feb 19 14:15 GMT</EndDateTime>
		<EndTestTime>1613744154</EndTestTime>
		<ElapsedMinutes>0</ElapsedMinutes>
	</Testing>
</Site>
